0    [main] INFO  eclipse.emf.mwe.core.WorkflowEngine  - --------------------------------------------------------------------------------------
4    [main] INFO  eclipse.emf.mwe.core.WorkflowEngine  - EMF Modeling Workflow Engine 1.3.11, Build v201508030321
4    [main] INFO  eclipse.emf.mwe.core.WorkflowEngine  - (c) 2005-2009 openarchitectureware.org and contributors
4    [main] INFO  eclipse.emf.mwe.core.WorkflowEngine  - --------------------------------------------------------------------------------------
4    [main] INFO  eclipse.emf.mwe.core.WorkflowEngine  - running workflow: C:/ooh4ria/workspaceMars/dominiodsm/dominiolifetag/templates/workflow/generator.mwe
4    [main] INFO  eclipse.emf.mwe.core.WorkflowEngine  - 
459  [main] INFO  lipse.emf.mwe.utils.StandaloneSetup  - Registering platform uri 'C:\ooh4ria\workspaceMars\dominiodsm'
569  [main] INFO  lipse.emf.mwe.utils.StandaloneSetup  - Adding generated EPackage 'es.ua.dlsi.ooh.conceptualView.ConceptualViewPackage'
831  [main] INFO  lipse.emf.mwe.utils.StandaloneSetup  - Adding generated EPackage 'org.eclipse.gmf.runtime.notation.NotationPackage'
969  [main] INFO  e.core.container.CompositeComponent  - Workflow: executing workflow workflow::nhibernate::generator.mwe in C:/ooh4ria/workspaceMars/dominiodsm/dominiolifetag/templates/workflow/generator.mwe:10
969  [main] INFO  e.core.container.CompositeComponent  - XmiReader: file 'models/default.domainModel' => slot 'es_ua_dlsi_ooh_conceptual_model'
1247 [main] INFO  e.core.container.CompositeComponent  - CheckComponent: slot es_ua_dlsi_ooh_conceptual_model check file(s): metamodel::Checks 
1998 [main] INFO  e.core.container.CompositeComponent  - Generator(nhibernate.generator): generating 'workflow::nhibernate::workflow::main FOR true' => [CONFIGURATION:../dominiolifetagGen(overwrite=false,append=false,fileEncoding=utf-8), ../dominiolifetagGen]
configuroConf:C:\Users\David\AppData\Local\Temp\OOH4RIA5606812594412008226.cfg
enc:utf-8
4359 [main] INFO  and2.pr.ProtectedRegionResolverImpl  - Source scan started ...
4540 [main] INFO  and2.pr.ProtectedRegionResolverImpl  - Source scan finished in 0.181s
4540 [main] INFO  and2.pr.ProtectedRegionResolverImpl  - Files scanned: 92
4540 [main] INFO  and2.pr.ProtectedRegionResolverImpl  - Regions found: 39
enc:utf-8
enc:utf-8
enc:utf-8
enc:utf-8
enc:utf-8
enc:utf-8
4860 [main] INFO  ipse.xtend.util.stdlib.IOExtensions  - UsuarioCAD
enc:utf-8
4974 [main] INFO  ipse.xtend.util.stdlib.IOExtensions  - PublicacionCAD
LA clase origen: Publicacion y el nombre de rol: usuario
DISTINTO en: asoOrigin: categoria_publicacion. El nombre del rol origen: categoria de el rol destino: usuario
DISTINTO en: asoOrigin: comentario_publicacion. El nombre del rol origen: comentario de el rol destino: usuario
DISTINTO en: asoOrigin: reporte_publicacion. El nombre del rol origen: reporte de el rol destino: usuario
LA clase destino: Publicacion y el nombre de rol: usuario
Encontrado en: asoTarget: publicacion_usuario El nombre de rol origen (generado): publicacion y el nombre del rol destino:usuario
LA clase origen: Publicacion y el nombre de rol: usuario
DISTINTO en: asoOrigin: categoria_publicacion. El nombre del rol origen: categoria de el rol destino: usuario
DISTINTO en: asoOrigin: comentario_publicacion. El nombre del rol origen: comentario de el rol destino: usuario
DISTINTO en: asoOrigin: reporte_publicacion. El nombre del rol origen: reporte de el rol destino: usuario
LA clase destino: Publicacion y el nombre de rol: usuario
Encontrado en: asoTarget: publicacion_usuario El nombre de rol origen (generado): publicacion y el nombre del rol destino:usuario
LA clase origen: Publicacion y el nombre de rol: usuario
DISTINTO en: asoOrigin: categoria_publicacion. El nombre del rol origen: categoria de el rol destino: usuario
DISTINTO en: asoOrigin: comentario_publicacion. El nombre del rol origen: comentario de el rol destino: usuario
DISTINTO en: asoOrigin: reporte_publicacion. El nombre del rol origen: reporte de el rol destino: usuario
LA clase destino: Publicacion y el nombre de rol: usuario
Encontrado en: asoTarget: publicacion_usuario El nombre de rol origen (generado): publicacion y el nombre del rol destino:usuario
enc:utf-8
5075 [main] INFO  ipse.xtend.util.stdlib.IOExtensions  - CategoriaCAD
enc:utf-8
5165 [main] INFO  ipse.xtend.util.stdlib.IOExtensions  - EtiquetaCAD
enc:utf-8
5237 [main] INFO  ipse.xtend.util.stdlib.IOExtensions  - ReporteCAD
LA clase origen: Reporte y el nombre de rol: publicacion
LA clase destino: Reporte y el nombre de rol: publicacion
Encontrado en: asoTarget: reporte_publicacion El nombre de rol origen (generado): reporte y el nombre del rol destino:publicacion
LA clase origen: Reporte y el nombre de rol: publicacion
LA clase destino: Reporte y el nombre de rol: publicacion
Encontrado en: asoTarget: reporte_publicacion El nombre de rol origen (generado): reporte y el nombre del rol destino:publicacion
LA clase origen: Reporte y el nombre de rol: publicacion
LA clase destino: Reporte y el nombre de rol: publicacion
Encontrado en: asoTarget: reporte_publicacion El nombre de rol origen (generado): reporte y el nombre del rol destino:publicacion
enc:utf-8
5300 [main] INFO  ipse.xtend.util.stdlib.IOExtensions  - ComentarioCAD
LA clase origen: Comentario y el nombre de rol: publicacion
LA clase destino: Comentario y el nombre de rol: publicacion
Encontrado en: asoTarget: comentario_publicacion El nombre de rol origen (generado): comentario y el nombre del rol destino:publicacion
LA clase origen: Comentario y el nombre de rol: publicacion
LA clase destino: Comentario y el nombre de rol: publicacion
Encontrado en: asoTarget: comentario_publicacion El nombre de rol origen (generado): comentario y el nombre del rol destino:publicacion
LA clase origen: Comentario y el nombre de rol: publicacion
LA clase destino: Comentario y el nombre de rol: publicacion
Encontrado en: asoTarget: comentario_publicacion El nombre de rol origen (generado): comentario y el nombre del rol destino:publicacion
LA clase origen: Comentario y el nombre de rol: usuario
LA clase destino: Comentario y el nombre de rol: usuario
DISTINTO en: asoTarget: comentario_publicacion. El nombre del rol destino: publicacion de el rol origen: usuario
Encontrado en: asoTarget: comentario_usuario El nombre de rol origen (generado): comentario y el nombre del rol destino:usuario
LA clase origen: Comentario y el nombre de rol: usuario
LA clase destino: Comentario y el nombre de rol: usuario
DISTINTO en: asoTarget: comentario_publicacion. El nombre del rol destino: publicacion de el rol origen: usuario
Encontrado en: asoTarget: comentario_usuario El nombre de rol origen (generado): comentario y el nombre del rol destino:usuario
LA clase origen: Comentario y el nombre de rol: usuario
LA clase destino: Comentario y el nombre de rol: usuario
DISTINTO en: asoTarget: comentario_publicacion. El nombre del rol destino: publicacion de el rol origen: usuario
Encontrado en: asoTarget: comentario_usuario El nombre de rol origen (generado): comentario y el nombre del rol destino:usuario
enc:utf-8
5352 [main] INFO  ipse.xtend.util.stdlib.IOExtensions  - AdministradorCAD
enc:utf-8
enc:utf-8
enc:utf-8
enc:utf-8
enc:utf-8
enc:utf-8
enc:utf-8
enc:utf-8
enc:utf-8
5694 [main] INFO  ipse.xtend.util.stdlib.IOExtensions  - UsuarioCEN
enc:utf-8
5756 [main] INFO  ipse.xtend.util.stdlib.IOExtensions  - PublicacionCEN
enc:utf-8
5814 [main] INFO  ipse.xtend.util.stdlib.IOExtensions  - CategoriaCEN
enc:utf-8
5857 [main] INFO  ipse.xtend.util.stdlib.IOExtensions  - EtiquetaCEN
enc:utf-8
5916 [main] INFO  ipse.xtend.util.stdlib.IOExtensions  - ReporteCEN
enc:utf-8
6009 [main] INFO  ipse.xtend.util.stdlib.IOExtensions  - ComentarioCEN
enc:utf-8
6059 [main] INFO  ipse.xtend.util.stdlib.IOExtensions  - AdministradorCEN
enc:utf-8
enc:utf-8
enc:utf-8
enc:utf-8
enc:utf-8
enc:utf-8
enc:utf-8
enc:utf-8
enc:utf-8
enc:utf-8
enc:utf-8
enc:utf-8
enc:utf-8
enc:utf-8
enc:utf-8
enc:utf-8
enc:utf-8
enc:utf-8
enc:utf-8
enc:utf-8
6759 [main] INFO  ipse.xtend.util.stdlib.IOExtensions  - es.ua.dlsi.ooh.conceptualView.impl.OperationImpl@139982de (name: new, visibility: Public, operationType: New, description: null, type: Object, collectionType: None, isStatic: false, isOrdered: false, filter: null, precondition: null, body: null, postcondition: null, automaticSynchronize: true, customized: false, paging: false, customizedTransaction: false)
6760 [main] INFO  ipse.xtend.util.stdlib.IOExtensions  - es.ua.dlsi.ooh.conceptualView.impl.OperationImpl@1e800aaa (name: modify, visibility: Public, operationType: Modifier, description: null, type: Void, collectionType: None, isStatic: false, isOrdered: false, filter: null, precondition: null, body: null, postcondition: null, automaticSynchronize: true, customized: false, paging: false, customizedTransaction: false)
6760 [main] INFO  ipse.xtend.util.stdlib.IOExtensions  - es.ua.dlsi.ooh.conceptualView.impl.OperationImpl@15de0b3c (name: destroy, visibility: Public, operationType: Destroy, description: null, type: Void, collectionType: None, isStatic: false, isOrdered: false, filter: null, precondition: null, body: null, postcondition: null, automaticSynchronize: true, customized: false, paging: false, customizedTransaction: false)
6760 [main] INFO  ipse.xtend.util.stdlib.IOExtensions  - es.ua.dlsi.ooh.conceptualView.impl.OperationImpl@3857f613 (name: activacion, visibility: Public, operationType: Custom, description: null, type: Boolean, collectionType: None, isStatic: false, isOrdered: false, filter: null, precondition: null, body: null, postcondition: null, automaticSynchronize: true, customized: false, paging: false, customizedTransaction: false)
6760 [main] INFO  ipse.xtend.util.stdlib.IOExtensions  - es.ua.dlsi.ooh.conceptualView.impl.OperationImpl@3c9754d8 (name: deleteUser, visibility: Public, operationType: Custom, description: null, type: Boolean, collectionType: None, isStatic: false, isOrdered: false, filter: null, precondition: null, body: null, postcondition: null, automaticSynchronize: true, customized: false, paging: false, customizedTransaction: false)
6760 [main] INFO  ipse.xtend.util.stdlib.IOExtensions  - es.ua.dlsi.ooh.conceptualView.impl.OperationImpl@79079097 (name: cambiarImagen, visibility: Public, operationType: Custom, description: null, type: Boolean, collectionType: None, isStatic: false, isOrdered: false, filter: null, precondition: null, body: null, postcondition: null, automaticSynchronize: true, customized: false, paging: false, customizedTransaction: false)
6761 [main] INFO  ipse.xtend.util.stdlib.IOExtensions  - es.ua.dlsi.ooh.conceptualView.impl.OperationImpl@4e08711f (name: cambiarDatos, visibility: Public, operationType: Custom, description: null, type: Boolean, collectionType: None, isStatic: false, isOrdered: false, filter: null, precondition: null, body: null, postcondition: null, automaticSynchronize: true, customized: false, paging: false, customizedTransaction: false)
6761 [main] INFO  ipse.xtend.util.stdlib.IOExtensions  - es.ua.dlsi.ooh.conceptualView.impl.OperationImpl@2cd76f31 (name: addCategoria, visibility: Public, operationType: Custom, description: null, type: Boolean, collectionType: None, isStatic: false, isOrdered: false, filter: null, precondition: null, body: null, postcondition: null, automaticSynchronize: true, customized: false, paging: false, customizedTransaction: false)
6761 [main] INFO  ipse.xtend.util.stdlib.IOExtensions  - es.ua.dlsi.ooh.conceptualView.impl.OperationImpl@ba2f4ec (name: verCategoria, visibility: Public, operationType: Custom, description: null, type: Integer, collectionType: List, isStatic: false, isOrdered: false, filter: null, precondition: null, body: null, postcondition: null, automaticSynchronize: true, customized: false, paging: false, customizedTransaction: false)
6761 [main] INFO  ipse.xtend.util.stdlib.IOExtensions  - es.ua.dlsi.ooh.conceptualView.impl.OperationImpl@55fe41ea (name: addListaMeGusta, visibility: Public, operationType: Custom, description: null, type: Boolean, collectionType: None, isStatic: false, isOrdered: false, filter: null, precondition: null, body: null, postcondition: null, automaticSynchronize: true, customized: false, paging: false, customizedTransaction: false)
6761 [main] INFO  ipse.xtend.util.stdlib.IOExtensions  - es.ua.dlsi.ooh.conceptualView.impl.OperationImpl@5dda768f (name: verListaMeGusta, visibility: Public, operationType: Custom, description: null, type: String, collectionType: List, isStatic: false, isOrdered: false, filter: null, precondition: null, body: null, postcondition: null, automaticSynchronize: true, customized: false, paging: false, customizedTransaction: false)
6761 [main] INFO  ipse.xtend.util.stdlib.IOExtensions  - es.ua.dlsi.ooh.conceptualView.impl.OperationImpl@24269709 (name: login, visibility: Public, operationType: Custom, description: null, type: String, collectionType: None, isStatic: false, isOrdered: false, filter: null, precondition: null, body: null, postcondition: null, automaticSynchronize: true, customized: false, paging: false, customizedTransaction: false)
6761 [main] INFO  ipse.xtend.util.stdlib.IOExtensions  - es.ua.dlsi.ooh.conceptualView.impl.OperationImpl@752325ad (name: buscarusuario, visibility: Public, operationType: ReadFilter, description: null, type: Object, collectionType: List, isStatic: false, isOrdered: false, filter: FROM UsuarioEN as us WHERE us.Password = :password and us.Nickname = :nickname or us.Email = :nickname , precondition: null, body: null, postcondition: null, automaticSynchronize: false, customized: false, paging: false, customizedTransaction: false)
enc:utf-8
6793 [main] INFO  ipse.xtend.util.stdlib.IOExtensions  - es.ua.dlsi.ooh.conceptualView.impl.OperationImpl@7d20d0b (name: new, visibility: Public, operationType: New, description: null, type: Object, collectionType: None, isStatic: false, isOrdered: false, filter: null, precondition: null, body: null, postcondition: null, automaticSynchronize: true, customized: false, paging: false, customizedTransaction: false)
6793 [main] INFO  ipse.xtend.util.stdlib.IOExtensions  - es.ua.dlsi.ooh.conceptualView.impl.OperationImpl@2df3b89c (name: modify, visibility: Public, operationType: Modifier, description: null, type: Void, collectionType: None, isStatic: false, isOrdered: false, filter: null, precondition: null, body: null, postcondition: null, automaticSynchronize: true, customized: false, paging: false, customizedTransaction: false)
6793 [main] INFO  ipse.xtend.util.stdlib.IOExtensions  - es.ua.dlsi.ooh.conceptualView.impl.OperationImpl@6200f9cb (name: destroy, visibility: Public, operationType: Destroy, description: null, type: Void, collectionType: None, isStatic: false, isOrdered: false, filter: null, precondition: null, body: null, postcondition: null, automaticSynchronize: true, customized: false, paging: false, customizedTransaction: false)
6793 [main] INFO  ipse.xtend.util.stdlib.IOExtensions  - es.ua.dlsi.ooh.conceptualView.impl.OperationImpl@69453e37 (name: buscarPublicaciones, visibility: Public, operationType: Custom, description: null, type: Object, collectionType: List, isStatic: false, isOrdered: false, filter: null, precondition: null, body: null, postcondition: null, automaticSynchronize: true, customized: false, paging: false, customizedTransaction: false)
6794 [main] INFO  ipse.xtend.util.stdlib.IOExtensions  - es.ua.dlsi.ooh.conceptualView.impl.OperationImpl@4009e306 (name: ultimasPublicaciones, visibility: Public, operationType: Custom, description: null, type: Object, collectionType: List, isStatic: false, isOrdered: false, filter: null, precondition: null, body: null, postcondition: null, automaticSynchronize: true, customized: false, paging: false, customizedTransaction: false)
6794 [main] INFO  ipse.xtend.util.stdlib.IOExtensions  - es.ua.dlsi.ooh.conceptualView.impl.OperationImpl@22fcf7ab (name: buscarAvanzado, visibility: Public, operationType: Custom, description: null, type: Object, collectionType: List, isStatic: false, isOrdered: false, filter: null, precondition: null, body: null, postcondition: null, automaticSynchronize: true, customized: false, paging: false, customizedTransaction: false)
6794 [main] INFO  ipse.xtend.util.stdlib.IOExtensions  - es.ua.dlsi.ooh.conceptualView.impl.OperationImpl@6913c1fb (name: busquedaNormal, visibility: Public, operationType: ReadFilter, description: null, type: Object, collectionType: List, isStatic: false, isOrdered: false, filter: FROM PublicacionEN as pu WHERE pu.Fecha >= :fecha and pu.Nombre like "%:cadena%", precondition: null, body: null, postcondition: null, automaticSynchronize: false, customized: false, paging: false, customizedTransaction: false)
6794 [main] INFO  ipse.xtend.util.stdlib.IOExtensions  - es.ua.dlsi.ooh.conceptualView.impl.OperationImpl@609cd4d8 (name: busquedaAvanz, visibility: Public, operationType: ReadFilter, description: null, type: Object, collectionType: List, isStatic: false, isOrdered: false, filter: FROM PublicacionEN as pu inner join pu.CategoriaEN as ca WHERE pu.Nombre like "%:cadena%" and pu.Fecha >= :fecha and ca.Nombre = :categoria, precondition: null, body: null, postcondition: null, automaticSynchronize: false, customized: false, paging: false, customizedTransaction: false)
6794 [main] INFO  ipse.xtend.util.stdlib.IOExtensions  - es.ua.dlsi.ooh.conceptualView.impl.OperationImpl@158a8276 (name: listadoComentarios, visibility: Public, operationType: ReadFilter, description: null, type: Object, collectionType: List, isStatic: false, isOrdered: false, filter: FROM PublicacionEN as pu inner join pu.ComentarioEN as co, precondition: null, body: null, postcondition: null, automaticSynchronize: false, customized: false, paging: false, customizedTransaction: false)
enc:utf-8
6825 [main] INFO  ipse.xtend.util.stdlib.IOExtensions  - es.ua.dlsi.ooh.conceptualView.impl.OperationImpl@707194ba (name: new, visibility: Public, operationType: New, description: null, type: Object, collectionType: None, isStatic: false, isOrdered: false, filter: null, precondition: null, body: null, postcondition: null, automaticSynchronize: true, customized: false, paging: false, customizedTransaction: false)
6825 [main] INFO  ipse.xtend.util.stdlib.IOExtensions  - es.ua.dlsi.ooh.conceptualView.impl.OperationImpl@399c4be1 (name: modify, visibility: Public, operationType: Modifier, description: null, type: Void, collectionType: None, isStatic: false, isOrdered: false, filter: null, precondition: null, body: null, postcondition: null, automaticSynchronize: true, customized: false, paging: false, customizedTransaction: false)
6825 [main] INFO  ipse.xtend.util.stdlib.IOExtensions  - es.ua.dlsi.ooh.conceptualView.impl.OperationImpl@4c39bec8 (name: destroy, visibility: Public, operationType: Destroy, description: null, type: Void, collectionType: None, isStatic: false, isOrdered: false, filter: null, precondition: null, body: null, postcondition: null, automaticSynchronize: true, customized: false, paging: false, customizedTransaction: false)
6825 [main] INFO  ipse.xtend.util.stdlib.IOExtensions  - es.ua.dlsi.ooh.conceptualView.impl.OperationImpl@7ee8290b (name: listadoCategorias, visibility: Public, operationType: ReadAll, description: null, type: Object, collectionType: List, isStatic: false, isOrdered: false, filter: null, precondition: null, body: null, postcondition: null, automaticSynchronize: true, customized: false, paging: false, customizedTransaction: false)
enc:utf-8
6856 [main] INFO  ipse.xtend.util.stdlib.IOExtensions  - es.ua.dlsi.ooh.conceptualView.impl.OperationImpl@1757cd72 (name: new, visibility: Public, operationType: New, description: null, type: Object, collectionType: None, isStatic: false, isOrdered: false, filter: null, precondition: null, body: null, postcondition: null, automaticSynchronize: true, customized: false, paging: false, customizedTransaction: false)
6856 [main] INFO  ipse.xtend.util.stdlib.IOExtensions  - es.ua.dlsi.ooh.conceptualView.impl.OperationImpl@5c671d7f (name: modify, visibility: Public, operationType: Modifier, description: null, type: Void, collectionType: None, isStatic: false, isOrdered: false, filter: null, precondition: null, body: null, postcondition: null, automaticSynchronize: true, customized: false, paging: false, customizedTransaction: false)
6856 [main] INFO  ipse.xtend.util.stdlib.IOExtensions  - es.ua.dlsi.ooh.conceptualView.impl.OperationImpl@e4487af (name: destroy, visibility: Public, operationType: Destroy, description: null, type: Void, collectionType: None, isStatic: false, isOrdered: false, filter: null, precondition: null, body: null, postcondition: null, automaticSynchronize: true, customized: false, paging: false, customizedTransaction: false)
6856 [main] INFO  ipse.xtend.util.stdlib.IOExtensions  - es.ua.dlsi.ooh.conceptualView.impl.OperationImpl@c86b9e3 (name: listadoEtiquetas, visibility: Public, operationType: ReadAll, description: null, type: Object, collectionType: List, isStatic: false, isOrdered: false, filter: null, precondition: null, body: null, postcondition: null, automaticSynchronize: true, customized: false, paging: false, customizedTransaction: false)
enc:utf-8
6887 [main] INFO  ipse.xtend.util.stdlib.IOExtensions  - es.ua.dlsi.ooh.conceptualView.impl.OperationImpl@6ab778a (name: new, visibility: Public, operationType: New, description: null, type: Object, collectionType: None, isStatic: false, isOrdered: false, filter: null, precondition: null, body: null, postcondition: null, automaticSynchronize: true, customized: false, paging: false, customizedTransaction: false)
6888 [main] INFO  ipse.xtend.util.stdlib.IOExtensions  - es.ua.dlsi.ooh.conceptualView.impl.OperationImpl@5c90e579 (name: modify, visibility: Public, operationType: Modifier, description: null, type: Void, collectionType: None, isStatic: false, isOrdered: false, filter: null, precondition: null, body: null, postcondition: null, automaticSynchronize: true, customized: false, paging: false, customizedTransaction: false)
6888 [main] INFO  ipse.xtend.util.stdlib.IOExtensions  - es.ua.dlsi.ooh.conceptualView.impl.OperationImpl@63070bab (name: destroy, visibility: Public, operationType: Destroy, description: null, type: Void, collectionType: None, isStatic: false, isOrdered: false, filter: null, precondition: null, body: null, postcondition: null, automaticSynchronize: true, customized: false, paging: false, customizedTransaction: false)
6888 [main] INFO  ipse.xtend.util.stdlib.IOExtensions  - es.ua.dlsi.ooh.conceptualView.impl.OperationImpl@291b4bf5 (name: confirmar, visibility: Public, operationType: Custom, description: null, type: Boolean, collectionType: None, isStatic: false, isOrdered: false, filter: null, precondition: null, body: null, postcondition: null, automaticSynchronize: true, customized: false, paging: false, customizedTransaction: false)
enc:utf-8
6918 [main] INFO  ipse.xtend.util.stdlib.IOExtensions  - es.ua.dlsi.ooh.conceptualView.impl.OperationImpl@6db9f5a4 (name: new, visibility: Public, operationType: New, description: null, type: Object, collectionType: None, isStatic: false, isOrdered: false, filter: null, precondition: null, body: null, postcondition: null, automaticSynchronize: true, customized: false, paging: false, customizedTransaction: false)
6918 [main] INFO  ipse.xtend.util.stdlib.IOExtensions  - es.ua.dlsi.ooh.conceptualView.impl.OperationImpl@3c0be339 (name: modify, visibility: Public, operationType: Modifier, description: null, type: Void, collectionType: None, isStatic: false, isOrdered: false, filter: null, precondition: null, body: null, postcondition: null, automaticSynchronize: true, customized: false, paging: false, customizedTransaction: false)
6918 [main] INFO  ipse.xtend.util.stdlib.IOExtensions  - es.ua.dlsi.ooh.conceptualView.impl.OperationImpl@d21a74c (name: destroy, visibility: Public, operationType: Destroy, description: null, type: Void, collectionType: None, isStatic: false, isOrdered: false, filter: null, precondition: null, body: null, postcondition: null, automaticSynchronize: true, customized: false, paging: false, customizedTransaction: false)
enc:utf-8
6950 [main] INFO  ipse.xtend.util.stdlib.IOExtensions  - es.ua.dlsi.ooh.conceptualView.impl.OperationImpl@548e6d58 (name: new, visibility: Public, operationType: New, description: null, type: Object, collectionType: None, isStatic: false, isOrdered: false, filter: null, precondition: null, body: null, postcondition: null, automaticSynchronize: true, customized: false, paging: false, customizedTransaction: false)
6950 [main] INFO  ipse.xtend.util.stdlib.IOExtensions  - es.ua.dlsi.ooh.conceptualView.impl.OperationImpl@610f7aa (name: modify, visibility: Public, operationType: Modifier, description: null, type: Void, collectionType: None, isStatic: false, isOrdered: false, filter: null, precondition: null, body: null, postcondition: null, automaticSynchronize: true, customized: false, paging: false, customizedTransaction: false)
6951 [main] INFO  ipse.xtend.util.stdlib.IOExtensions  - es.ua.dlsi.ooh.conceptualView.impl.OperationImpl@17a7f733 (name: destroy, visibility: Public, operationType: Destroy, description: null, type: Void, collectionType: None, isStatic: false, isOrdered: false, filter: null, precondition: null, body: null, postcondition: null, automaticSynchronize: true, customized: false, paging: false, customizedTransaction: false)
6951 [main] INFO  ipse.xtend.util.stdlib.IOExtensions  - es.ua.dlsi.ooh.conceptualView.impl.OperationImpl@76ed1b7c (name: login, visibility: Public, operationType: Custom, description: null, type: String, collectionType: None, isStatic: false, isOrdered: false, filter: null, precondition: null, body: null, postcondition: null, automaticSynchronize: true, customized: false, paging: false, customizedTransaction: false)
6951 [main] INFO  ipse.xtend.util.stdlib.IOExtensions  - es.ua.dlsi.ooh.conceptualView.impl.OperationImpl@7c1e2a9e (name: addEtiqueta, visibility: Public, operationType: Custom, description: null, type: Boolean, collectionType: None, isStatic: false, isOrdered: false, filter: null, precondition: null, body: null, postcondition: null, automaticSynchronize: true, customized: false, paging: false, customizedTransaction: false)
6951 [main] INFO  ipse.xtend.util.stdlib.IOExtensions  - es.ua.dlsi.ooh.conceptualView.impl.OperationImpl@32910148 (name: addCategoria, visibility: Public, operationType: Custom, description: null, type: Boolean, collectionType: None, isStatic: false, isOrdered: false, filter: null, precondition: null, body: null, postcondition: null, automaticSynchronize: true, customized: false, paging: false, customizedTransaction: false)
6951 [main] INFO  ipse.xtend.util.stdlib.IOExtensions  - es.ua.dlsi.ooh.conceptualView.impl.OperationImpl@fd07cbb (name: blockUser, visibility: Public, operationType: Custom, description: null, type: Boolean, collectionType: None, isStatic: false, isOrdered: false, filter: null, precondition: null, body: null, postcondition: null, automaticSynchronize: true, customized: false, paging: false, customizedTransaction: false)
6951 [main] INFO  ipse.xtend.util.stdlib.IOExtensions  - es.ua.dlsi.ooh.conceptualView.impl.OperationImpl@484970b0 (name: delCategoria, visibility: Public, operationType: Custom, description: null, type: Boolean, collectionType: None, isStatic: false, isOrdered: false, filter: null, precondition: null, body: null, postcondition: null, automaticSynchronize: true, customized: false, paging: false, customizedTransaction: false)
enc:utf-8
6994 [main] INFO  ipse.xtend.util.stdlib.IOExtensions  - UsuarioEN
enc:utf-8
7048 [main] INFO  ipse.xtend.util.stdlib.IOExtensions  - PublicacionEN
enc:utf-8
7137 [main] INFO  ipse.xtend.util.stdlib.IOExtensions  - CategoriaEN
enc:utf-8
7178 [main] INFO  ipse.xtend.util.stdlib.IOExtensions  - EtiquetaEN
enc:utf-8
7216 [main] INFO  ipse.xtend.util.stdlib.IOExtensions  - ReporteEN
enc:utf-8
7253 [main] INFO  ipse.xtend.util.stdlib.IOExtensions  - ComentarioEN
enc:utf-8
7289 [main] INFO  ipse.xtend.util.stdlib.IOExtensions  - AdministradorEN
enc:utf-8
7339 [main] INFO  ipse.xtend.util.stdlib.IOExtensions  - EN
7345 [main] INFO  ipse.xtend.util.stdlib.IOExtensions  - EN
7349 [main] INFO  ipse.xtend.util.stdlib.IOExtensions  - EN
7353 [main] INFO  ipse.xtend.util.stdlib.IOExtensions  - EN
7355 [main] INFO  ipse.xtend.util.stdlib.IOExtensions  - EN
7358 [main] INFO  ipse.xtend.util.stdlib.IOExtensions  - EN
7361 [main] INFO  ipse.xtend.util.stdlib.IOExtensions  - EN
enc:utf-8
enc:utf-8
7427 [main] INFO         org.eclipse.xpand2.Generator  - Written 51 files to outlet [default](../dominiolifetagGen)
7427 [main] INFO         org.eclipse.xpand2.Generator  - Skipped writing of 29 files to outlet [default](../dominiolifetagGen)
7427 [main] INFO  e.core.container.CompositeComponent  - es.ua.dlsi.ooh.persistence.nhibernate.generator.workflowComponents.CreateSolution
7441 [main] INFO  e.core.container.CompositeComponent  - es.ua.dlsi.ooh.persistence.nhibernate.generator.workflowComponents.UpdateSolution
7455 [main] INFO  e.core.container.CompositeComponent  - es.ua.dlsi.ooh.persistence.nhibernate.generator.workflowComponents.CopyDLLs
../dominiolifetagGen\dominiolifetagGenNHibernate\AppLib\Antlr3.Runtime.dll
../dominiolifetagGen\dominiolifetagGenNHibernate\AppLib\Castle.DynamicProxy2.dll
../dominiolifetagGen\dominiolifetagGenNHibernate\AppLib\Iesi.Collections.dll
../dominiolifetagGen\dominiolifetagGenNHibernate\AppLib\LinFu.DynamicProxy.dll
../dominiolifetagGen\dominiolifetagGenNHibernate\AppLib\log4net.dll
../dominiolifetagGen\dominiolifetagGenNHibernate\AppLib\NHibernate.ByteCode.Castle.dll
../dominiolifetagGen\dominiolifetagGenNHibernate\AppLib\NHibernate.ByteCode.LinFu.dll
../dominiolifetagGen\dominiolifetagGenNHibernate\AppLib\NHibernate.dll
../dominiolifetagGen\dominiolifetagGenNHibernate\AppLib\nunit.core.dll
../dominiolifetagGen\dominiolifetagGenNHibernate\AppLib\nunit.framework.dll
7461 [main] INFO  eclipse.emf.mwe.core.WorkflowEngine  - workflow completed in 6493ms!
